<?xml version="1.0" encoding="UTF-8"?>
<testsuites>
  <testsuite name="Successfully_add_items_to_basket_and_remove_an_item_from_basket" timestamp="2020-07-29T08:22:50" time="13.675" tests="4" failures="0" errors="0" skipped="0">
    <properties>
      <property name="specId" value="0"/>
      <property name="featureName" value="Successfully add items to basket and remove an item from basket"/>
      <property name="capabilities" value="chrome.84_0_4147_105.windows"/>
      <property name="featureFile" value=".\features\featureFiles\saucedemo.feature"/>
    </properties>
    <testcase classname="CucumberJUnitReport-chrome.84_0_4147_105.windows.Successfully_add_items_to_basket_and_remove_an_item_from_basket" name="Successfully_add_items_to_basket_and_remove_an_item_from_basket.Login_as_a_standard_user_user_on_saucedemo_and_add_items_to_basket" time="8.562">
      <system-out>
        <![CDATA[
✅ Given I am on saucedemo login page✅ When I login with 'standard_user' and 'secret_sauce'✅ When I am on 'Products' page I Sort the products by Price from drop down high to low✅ And I Add the two cheapest products to the basket✅ And I Open the basket✅ And I Remove the cheapest product from the basket✅ Then cheapest product should be removed successfully✅ And I click on Checkout and I need to see 'Checkout: Your Information' text on header
]]>
      </system-out>
    </testcase>
    <testcase classname="CucumberJUnitReport-chrome.84_0_4147_105.windows.Successfully_add_items_to_basket_and_remove_an_item_from_basket" name="Successfully_add_items_to_basket_and_remove_an_item_from_basket.Error_Message_should_be_displayed_when_I_login_with_Sceniro" time="1.714">
      <system-out>
        <![CDATA[
✅ Given I am on saucedemo login page✅ When I login with 'someuser' and 'nopassword'✅ Then I should see a flash message saying 'Epic sadface: Username and password do not match any user in this service'
]]>
      </system-out>
    </testcase>
    <testcase classname="CucumberJUnitReport-chrome.84_0_4147_105.windows.Successfully_add_items_to_basket_and_remove_an_item_from_basket" name="Successfully_add_items_to_basket_and_remove_an_item_from_basket.Error_Message_should_be_displayed_when_I_login_with_Sceniro" time="1.667">
      <system-out>
        <![CDATA[
✅ Given I am on saucedemo login page✅ When I login with '' and ''✅ Then I should see a flash message saying 'Epic sadface: Username is required'
]]>
      </system-out>
    </testcase>
    <testcase classname="CucumberJUnitReport-chrome.84_0_4147_105.windows.Successfully_add_items_to_basket_and_remove_an_item_from_basket" name="Successfully_add_items_to_basket_and_remove_an_item_from_basket.Error_Message_should_be_displayed_when_I_login_with_Sceniro" time="1.652">
      <system-out>
        <![CDATA[
✅ Given I am on saucedemo login page✅ When I login with 'standard_user' and ''✅ Then I should see a flash message saying 'Epic sadface: Password is required'
]]>
      </system-out>
    </testcase>
  </testsuite>
</testsuites>